2011-12-26 19:05:36 Error: [MissingConnectionException] Database connection "SQLSTATE[HY000] [2002] No connection could be made because the target machine actively refused it.
" is missing, or could not be created.
#0 C:\wamp\cake\lib\Cake\Model\Datasource\DboSource.php(244): Mysql->connect()
#1 C:\wamp\cake\lib\Cake\Model\ConnectionManager.php(98): DboSource->__construct(Array)
#2 C:\wamp\cake\lib\Cake\Model\Model.php(3214): ConnectionManager::getDataSource('default')
#3 C:\wamp\cake\lib\Cake\Model\Model.php(1023): Model->setDataSource('default')
#4 C:\wamp\cake\lib\Cake\Model\Model.php(3238): Model->setSource('users')
#5 C:\wamp\cake\lib\Cake\Model\Model.php(2460): Model->getDataSource()
#6 C:\wamp\cake\lib\Cake\Model\Model.php(1419): Model->find('first', Array)
#7 C:\wamp\cake\blog\Controller\users_controller.php(38): Model->read(NULL, '1')
#8 [internal function]: UsersController->view('1')
#9 C:\wamp\cake\lib\Cake\Controller\Controller.php(473): ReflectionMethod->invokeArgs(Object(UsersController), Array)
#10 C:\wamp\cake\lib\Cake\Routing\Dispatcher.php(107): Controller->invokeAction(Object(CakeRequest))
#11 C:\wamp\cake\lib\Cake\Routing\Dispatcher.php(89): Dispatcher->_invoke(Object(UsersController), Object(CakeRequest), Object(CakeResponse))
#12 C:\wamp\cake\blog\webroot\index.php(96): Dispatcher->dispatch(Object(CakeRequest), Object(CakeResponse))
#13 {main}
2011-12-27 11:36:56 Error: [MissingControllerException] Controller class UsersController could not be found.
#0 C:\wamp\cake\blog\webroot\index.php(96): Dispatcher->dispatch(Object(CakeRequest), Object(CakeResponse))
#1 {main}
2011-12-27 11:37:22 Error: [MissingControllerException] Controller class UsersController could not be found.
#0 C:\wamp\cake\blog\webroot\index.php(96): Dispatcher->dispatch(Object(CakeRequest), Object(CakeResponse))
#1 {main}
2011-12-27 11:37:23 Error: [MissingControllerException] Controller class UsersController could not be found.
#0 C:\wamp\cake\blog\webroot\index.php(96): Dispatcher->dispatch(Object(CakeRequest), Object(CakeResponse))
#1 {main}
2011-12-27 19:37:56 Error: [MissingControllerException] Controller class LOGINController could not be found.
#0 C:\wamp\cake\blog\webroot\index.php(96): Dispatcher->dispatch(Object(CakeRequest), Object(CakeResponse))
#1 {main}
2011-12-27 19:53:00 Error: [NotFoundException] Invalid post
#0 [internal function]: PostsController->view('1')
#1 C:\wamp\cake\lib\Cake\Controller\Controller.php(473): ReflectionMethod->invokeArgs(Object(PostsController), Array)
#2 C:\wamp\cake\lib\Cake\Routing\Dispatcher.php(107): Controller->invokeAction(Object(CakeRequest))
#3 C:\wamp\cake\lib\Cake\Routing\Dispatcher.php(89): Dispatcher->_invoke(Object(PostsController), Object(CakeRequest), Object(CakeResponse))
#4 C:\wamp\cake\blog\webroot\index.php(96): Dispatcher->dispatch(Object(CakeRequest), Object(CakeResponse))
#5 {main}
2011-12-28 10:23:21 Error: [MissingControllerException] Controller class Users.jsonController could not be found.
#0 C:\wamp\cake\blog\webroot\index.php(96): Dispatcher->dispatch(Object(CakeRequest), Object(CakeResponse))
#1 {main}
2011-12-28 10:41:06 Error: [MissingHelperException] Helper class JavascriptHelper could not be found.
#0 C:\wamp\cake\lib\Cake\View\View.php(577): HelperCollection->load('Javascript', Array)
#1 C:\wamp\cake\lib\Cake\View\View.php(359): View->loadHelpers()
#2 C:\wamp\cake\lib\Cake\Controller\Controller.php(900): View->render(NULL, NULL)
#3 C:\wamp\cake\lib\Cake\Routing\Dispatcher.php(114): Controller->render()
#4 C:\wamp\cake\lib\Cake\Routing\Dispatcher.php(89): Dispatcher->_invoke(Object(UsersController), Object(CakeRequest), Object(CakeResponse))
#5 C:\wamp\cake\blog\webroot\index.php(96): Dispatcher->dispatch(Object(CakeRequest), Object(CakeResponse))
#6 {main}
2011-12-28 10:43:00 Error: [MissingHelperException] Helper class JsHelperHelper could not be found.
#0 C:\wamp\cake\lib\Cake\View\View.php(577): HelperCollection->load('JsHelper', Array)
#1 C:\wamp\cake\lib\Cake\View\View.php(359): View->loadHelpers()
#2 C:\wamp\cake\lib\Cake\Controller\Controller.php(900): View->render(NULL, NULL)
#3 C:\wamp\cake\lib\Cake\Routing\Dispatcher.php(114): Controller->render()
#4 C:\wamp\cake\lib\Cake\Routing\Dispatcher.php(89): Dispatcher->_invoke(Object(UsersController), Object(CakeRequest), Object(CakeResponse))
#5 C:\wamp\cake\blog\webroot\index.php(96): Dispatcher->dispatch(Object(CakeRequest), Object(CakeResponse))
#6 {main}
2011-12-28 10:43:42 Error: [NotFoundException] Invalid user
#0 [internal function]: UsersController->view()
#1 C:\wamp\cake\lib\Cake\Controller\Controller.php(473): ReflectionMethod->invokeArgs(Object(UsersController), Array)
#2 C:\wamp\cake\lib\Cake\Routing\Dispatcher.php(107): Controller->invokeAction(Object(CakeRequest))
#3 C:\wamp\cake\lib\Cake\Routing\Dispatcher.php(89): Dispatcher->_invoke(Object(UsersController), Object(CakeRequest), Object(CakeResponse))
#4 C:\wamp\cake\blog\webroot\index.php(96): Dispatcher->dispatch(Object(CakeRequest), Object(CakeResponse))
#5 {main}
2011-12-28 10:47:47 Error: [MissingControllerException] Controller class Users.jsoaController could not be found.
#0 C:\wamp\cake\blog\webroot\index.php(96): Dispatcher->dispatch(Object(CakeRequest), Object(CakeResponse))
#1 {main}
2011-12-28 10:51:52 Error: [MissingControllerException] Controller class Users.jsController could not be found.
#0 C:\wamp\cake\blog\webroot\index.php(96): Dispatcher->dispatch(Object(CakeRequest), Object(CakeResponse))
#1 {main}
2011-12-28 11:09:27 Error: [MissingControllerException] Controller class UsersToSenchaController could not be found.
#0 C:\wamp\cake\blog\webroot\index.php(96): Dispatcher->dispatch(Object(CakeRequest), Object(CakeResponse))
#1 {main}
2011-12-28 11:13:08 Error: [MissingViewException] View file "C:\wamp\cake\blog\View\Users\json\view.ctp" is missing.
#0 C:\wamp\cake\lib\Cake\View\View.php(363): View->_getViewFileName(NULL)
#1 C:\wamp\cake\lib\Cake\Controller\Controller.php(900): View->render(NULL, NULL)
#2 C:\wamp\cake\lib\Cake\Routing\Dispatcher.php(114): Controller->render()
#3 C:\wamp\cake\lib\Cake\Routing\Dispatcher.php(89): Dispatcher->_invoke(Object(UsersController), Object(CakeRequest), Object(CakeResponse))
#4 C:\wamp\cake\blog\webroot\index.php(96): Dispatcher->dispatch(Object(CakeRequest), Object(CakeResponse))
#5 {main}
2011-12-28 11:29:27 Error: [MissingControllerException] Controller class KopController could not be found.
#0 C:\wamp\cake\blog\webroot\index.php(96): Dispatcher->dispatch(Object(CakeRequest), Object(CakeResponse))
#1 {main}
2011-12-28 11:40:58 Error: [MissingControllerException] Controller class WidgetController could not be found.
#0 C:\wamp\cake\blog\webroot\index.php(96): Dispatcher->dispatch(Object(CakeRequest), Object(CakeResponse))
#1 {main}
2011-12-28 11:55:12 Error: [MissingControllerException] Controller class UsewrsToSenchaController could not be found.
#0 C:\wamp\cake\blog\webroot\index.php(96): Dispatcher->dispatch(Object(CakeRequest), Object(CakeResponse))
#1 {main}
2011-12-28 11:55:43 Error: [MissingControllerException] Controller class UsewrsToSenchaController could not be found.
#0 C:\wamp\cake\blog\webroot\index.php(96): Dispatcher->dispatch(Object(CakeRequest), Object(CakeResponse))
#1 {main}
2011-12-28 11:55:46 Error: [MissingControllerException] Controller class UsewrsToSenchaController could not be found.
#0 C:\wamp\cake\blog\webroot\index.php(96): Dispatcher->dispatch(Object(CakeRequest), Object(CakeResponse))
#1 {main}
